<?xml version="1.0" encoding="UTF-8"?>
<!-- Generated by org.testng.reporters.JUnitXMLReporter -->
<testsuite ignored="2" hostname="mdotottsws111" failures="0" tests="1" name="Parameter Test twenty two" time="0.18" errors="0" timestamp="2023-05-03T06:58:49 EDT">
  <testcase classname="KeywordDriverUtil.KeywordTestNG" name="ExecuteTest2" time="0.176"/>
  <testcase classname="KeywordDriverUtil.KeywordTestNG" name="ExecuteTest1" time="0.0">
    <ignored/>
  </testcase> <!-- ExecuteTest1 -->
  <testcase classname="KeywordDriverUtil.KeywordTestNG" name="ExecuteTest3" time="0.0">
    <ignored/>
  </testcase> <!-- ExecuteTest3 -->
</testsuite> <!-- Parameter Test twenty two -->
